<?xml version="1.0" encoding="UTF-8"?>
<testng-results ignored="0" total="1" passed="1" failed="0" skipped="0">
  <reporter-output>
  </reporter-output>
  <suite started-at="2023-01-17T12:15:36 SGT" name="Default suite" finished-at="2023-01-17T12:15:40 SGT" duration-ms="3508">
    <groups>
    </groups>
    <test started-at="2023-01-17T12:15:36 SGT" name="Default test" finished-at="2023-01-17T12:15:40 SGT" duration-ms="3508">
      <class name="SumValidation">
        <test-method signature="sumOfCourses()[pri:0, instance:SumValidation@272ed83b]" started-at="2023-01-17T12:15:37 SGT" name="sumOfCourses" finished-at="2023-01-17T12:15:40 SGT" duration-ms="3324" status="PASS">
          <reporter-output>
          </reporter-output>
        </test-method> <!-- sumOfCourses -->
      </class> <!-- SumValidation -->
    </test> <!-- Default test -->
  </suite> <!-- Default suite -->
</testng-results>
